[Sun Apr 16 19:13:15 CEST 2023][ Locomotive_LOC_MOCK_STATION_600_25_MOCK_STATION_604_50_14_ROLLING_STOCK_HEAD_446.0@info ] > LOC_MOCK_STATION_600_25_MOCK_STATION_604_50_14 : BLOCKED
[Sun Apr 16 19:13:15 CEST 2023][ Locomotive_LOC_MOCK_STATION_600_25_MOCK_STATION_604_50_14_ROLLING_STOCK_HEAD_446.0@info ] > LOC_MOCK_STATION_600_25_MOCK_STATION_604_50_14 : FREE TO GO
[Sun Apr 16 19:13:15 CEST 2023][ Locomotive_LOC_MOCK_STATION_600_25_MOCK_STATION_604_50_14_ROLLING_STOCK_HEAD_446.0@info ] > Estimated arrival in 0 seconds
[Sun Apr 16 19:13:15 CEST 2023][ Locomotive_LOC_MOCK_STATION_600_25_MOCK_STATION_604_50_14_ROLLING_STOCK_HEAD_446.0@info ] > Moving from MOCK_STATION_600_25 to MOCK_STATION_669_47
[Sun Apr 16 19:13:15 CEST 2023][ Locomotive_LOC_MOCK_STATION_600_25_MOCK_STATION_604_50_14_ROLLING_STOCK_HEAD_446.0@info ] > Current speed : 10.0 km/h
[Sun Apr 16 19:13:15 CEST 2023][ Locomotive_LOC_MOCK_STATION_600_25_MOCK_STATION_604_50_14_ROLLING_STOCK_HEAD_446.0@info ] > Journey completion progress : 0.0
[Sun Apr 16 19:13:16 CEST 2023][ Locomotive_LOC_MOCK_STATION_600_25_MOCK_STATION_604_50_14_ROLLING_STOCK_HEAD_446.0@info ] > Decreasing speed before station...
[Sun Apr 16 19:13:16 CEST 2023][ Locomotive_LOC_MOCK_STATION_600_25_MOCK_STATION_604_50_14_ROLLING_STOCK_HEAD_446.0@info ] > 	 ( Waiting 2 seconds at station for possible loads/unloads )
[Sun Apr 16 19:13:18 CEST 2023][ Locomotive_LOC_MOCK_STATION_600_25_MOCK_STATION_604_50_14_ROLLING_STOCK_HEAD_446.0@info ] > 	( Moving forward after station brake at station MOCK_STATION_669_47 )
[Sun Apr 16 19:13:18 CEST 2023][ Locomotive_LOC_MOCK_STATION_600_25_MOCK_STATION_604_50_14_ROLLING_STOCK_HEAD_446.0@info ] > LOC_MOCK_STATION_600_25_MOCK_STATION_604_50_14 : BLOCKED
[Sun Apr 16 19:13:25 CEST 2023][ Locomotive_LOC_MOCK_STATION_600_25_MOCK_STATION_604_50_14_ROLLING_STOCK_HEAD_446.0@info ] > LOC_MOCK_STATION_600_25_MOCK_STATION_604_50_14 : FREE TO GO
[Sun Apr 16 19:13:25 CEST 2023][ Locomotive_LOC_MOCK_STATION_600_25_MOCK_STATION_604_50_14_ROLLING_STOCK_HEAD_446.0@info ] > Estimated arrival in 1 seconds
[Sun Apr 16 19:13:25 CEST 2023][ Locomotive_LOC_MOCK_STATION_600_25_MOCK_STATION_604_50_14_ROLLING_STOCK_HEAD_446.0@info ] > Moving from MOCK_STATION_669_47 to MOCK_STATION_696_15
[Sun Apr 16 19:13:25 CEST 2023][ Locomotive_LOC_MOCK_STATION_600_25_MOCK_STATION_604_50_14_ROLLING_STOCK_HEAD_446.0@info ] > Current speed : 0.0 km/h
[Sun Apr 16 19:13:25 CEST 2023][ Locomotive_LOC_MOCK_STATION_600_25_MOCK_STATION_604_50_14_ROLLING_STOCK_HEAD_446.0@info ] > Journey completion progress : 1.0
[Sun Apr 16 19:13:26 CEST 2023][ Locomotive_LOC_MOCK_STATION_600_25_MOCK_STATION_604_50_14_ROLLING_STOCK_HEAD_446.0@info ] > Decreasing speed before station...
[Sun Apr 16 19:13:27 CEST 2023][ Locomotive_LOC_MOCK_STATION_600_25_MOCK_STATION_604_50_14_ROLLING_STOCK_HEAD_446.0@info ] > 	 ( Waiting 2 seconds at station for possible loads/unloads )
[Sun Apr 16 19:13:29 CEST 2023][ Locomotive_LOC_MOCK_STATION_600_25_MOCK_STATION_604_50_14_ROLLING_STOCK_HEAD_446.0@info ] > 	( Moving forward after station brake at station MOCK_STATION_696_15 )
[Sun Apr 16 19:13:29 CEST 2023][ Locomotive_LOC_MOCK_STATION_600_25_MOCK_STATION_604_50_14_ROLLING_STOCK_HEAD_446.0@info ] > LOC_MOCK_STATION_600_25_MOCK_STATION_604_50_14 : BLOCKED
[Sun Apr 16 19:13:29 CEST 2023][ Locomotive_LOC_MOCK_STATION_600_25_MOCK_STATION_604_50_14_ROLLING_STOCK_HEAD_446.0@info ] > LOC_MOCK_STATION_600_25_MOCK_STATION_604_50_14 : FREE TO GO
[Sun Apr 16 19:13:29 CEST 2023][ Locomotive_LOC_MOCK_STATION_600_25_MOCK_STATION_604_50_14_ROLLING_STOCK_HEAD_446.0@info ] > Estimated arrival in 1 seconds
[Sun Apr 16 19:13:29 CEST 2023][ Locomotive_LOC_MOCK_STATION_600_25_MOCK_STATION_604_50_14_ROLLING_STOCK_HEAD_446.0@info ] > Moving from MOCK_STATION_696_15 to MOCK_STATION_675_71
[Sun Apr 16 19:13:29 CEST 2023][ Locomotive_LOC_MOCK_STATION_600_25_MOCK_STATION_604_50_14_ROLLING_STOCK_HEAD_446.0@info ] > Current speed : 0.0 km/h
[Sun Apr 16 19:13:29 CEST 2023][ Locomotive_LOC_MOCK_STATION_600_25_MOCK_STATION_604_50_14_ROLLING_STOCK_HEAD_446.0@info ] > Journey completion progress : 2.0
[Sun Apr 16 19:13:30 CEST 2023][ Locomotive_LOC_MOCK_STATION_600_25_MOCK_STATION_604_50_14_ROLLING_STOCK_HEAD_446.0@info ] > Decreasing speed before station...
[Sun Apr 16 19:13:30 CEST 2023][ Locomotive_LOC_MOCK_STATION_600_25_MOCK_STATION_604_50_14_ROLLING_STOCK_HEAD_446.0@info ] > 	 ( Waiting 2 seconds at station for possible loads/unloads )
[Sun Apr 16 19:13:32 CEST 2023][ Locomotive_LOC_MOCK_STATION_600_25_MOCK_STATION_604_50_14_ROLLING_STOCK_HEAD_446.0@info ] > 	( Moving forward after station brake at station MOCK_STATION_675_71 )
[Sun Apr 16 19:13:32 CEST 2023][ Locomotive_LOC_MOCK_STATION_600_25_MOCK_STATION_604_50_14_ROLLING_STOCK_HEAD_446.0@info ] > LOC_MOCK_STATION_600_25_MOCK_STATION_604_50_14 : BLOCKED
[Sun Apr 16 19:13:32 CEST 2023][ Locomotive_LOC_MOCK_STATION_600_25_MOCK_STATION_604_50_14_ROLLING_STOCK_HEAD_446.0@info ] > LOC_MOCK_STATION_600_25_MOCK_STATION_604_50_14 : FREE TO GO
[Sun Apr 16 19:13:32 CEST 2023][ Locomotive_LOC_MOCK_STATION_600_25_MOCK_STATION_604_50_14_ROLLING_STOCK_HEAD_446.0@info ] > Estimated arrival in 1 seconds
[Sun Apr 16 19:13:32 CEST 2023][ Locomotive_LOC_MOCK_STATION_600_25_MOCK_STATION_604_50_14_ROLLING_STOCK_HEAD_446.0@info ] > Moving from MOCK_STATION_675_71 to MOCK_STATION_673_30
[Sun Apr 16 19:13:32 CEST 2023][ Locomotive_LOC_MOCK_STATION_600_25_MOCK_STATION_604_50_14_ROLLING_STOCK_HEAD_446.0@info ] > Current speed : 0.0 km/h
[Sun Apr 16 19:13:32 CEST 2023][ Locomotive_LOC_MOCK_STATION_600_25_MOCK_STATION_604_50_14_ROLLING_STOCK_HEAD_446.0@info ] > Journey completion progress : 3.0
[Sun Apr 16 19:13:34 CEST 2023][ Locomotive_LOC_MOCK_STATION_600_25_MOCK_STATION_604_50_14_ROLLING_STOCK_HEAD_446.0@info ] > Decreasing speed before station...
[Sun Apr 16 19:13:34 CEST 2023][ Locomotive_LOC_MOCK_STATION_600_25_MOCK_STATION_604_50_14_ROLLING_STOCK_HEAD_446.0@info ] > 	 ( Waiting 2 seconds at station for possible loads/unloads )
[Sun Apr 16 19:13:36 CEST 2023][ Locomotive_LOC_MOCK_STATION_600_25_MOCK_STATION_604_50_14_ROLLING_STOCK_HEAD_446.0@info ] > 	( Moving forward after station brake at station MOCK_STATION_673_30 )
[Sun Apr 16 19:13:36 CEST 2023][ Locomotive_LOC_MOCK_STATION_600_25_MOCK_STATION_604_50_14_ROLLING_STOCK_HEAD_446.0@info ] > LOC_MOCK_STATION_600_25_MOCK_STATION_604_50_14 : BLOCKED
[Sun Apr 16 19:13:36 CEST 2023][ Locomotive_LOC_MOCK_STATION_600_25_MOCK_STATION_604_50_14_ROLLING_STOCK_HEAD_446.0@info ] > LOC_MOCK_STATION_600_25_MOCK_STATION_604_50_14 : FREE TO GO
[Sun Apr 16 19:13:36 CEST 2023][ Locomotive_LOC_MOCK_STATION_600_25_MOCK_STATION_604_50_14_ROLLING_STOCK_HEAD_446.0@info ] > Estimated arrival in 0 seconds
[Sun Apr 16 19:13:36 CEST 2023][ Locomotive_LOC_MOCK_STATION_600_25_MOCK_STATION_604_50_14_ROLLING_STOCK_HEAD_446.0@info ] > Moving from MOCK_STATION_673_30 to MOCK_STATION_606_29
[Sun Apr 16 19:13:36 CEST 2023][ Locomotive_LOC_MOCK_STATION_600_25_MOCK_STATION_604_50_14_ROLLING_STOCK_HEAD_446.0@info ] > Current speed : 0.0 km/h
[Sun Apr 16 19:13:36 CEST 2023][ Locomotive_LOC_MOCK_STATION_600_25_MOCK_STATION_604_50_14_ROLLING_STOCK_HEAD_446.0@info ] > Journey completion progress : 4.0
[Sun Apr 16 19:13:37 CEST 2023][ Locomotive_LOC_MOCK_STATION_600_25_MOCK_STATION_604_50_14_ROLLING_STOCK_HEAD_446.0@info ] > Decreasing speed before station...
[Sun Apr 16 19:13:37 CEST 2023][ Locomotive_LOC_MOCK_STATION_600_25_MOCK_STATION_604_50_14_ROLLING_STOCK_HEAD_446.0@info ] > 	 ( Waiting 2 seconds at station for possible loads/unloads )
[Sun Apr 16 19:13:39 CEST 2023][ Locomotive_LOC_MOCK_STATION_600_25_MOCK_STATION_604_50_14_ROLLING_STOCK_HEAD_446.0@info ] > 	( Moving forward after station brake at station MOCK_STATION_606_29 )
[Sun Apr 16 19:13:39 CEST 2023][ Locomotive_LOC_MOCK_STATION_600_25_MOCK_STATION_604_50_14_ROLLING_STOCK_HEAD_446.0@info ] > LOC_MOCK_STATION_600_25_MOCK_STATION_604_50_14 : BLOCKED
[Sun Apr 16 19:13:42 CEST 2023][ Locomotive_LOC_MOCK_STATION_600_25_MOCK_STATION_604_50_14_ROLLING_STOCK_HEAD_446.0@info ] > LOC_MOCK_STATION_600_25_MOCK_STATION_604_50_14 : FREE TO GO
[Sun Apr 16 19:13:42 CEST 2023][ Locomotive_LOC_MOCK_STATION_600_25_MOCK_STATION_604_50_14_ROLLING_STOCK_HEAD_446.0@info ] > Estimated arrival in 2 seconds
[Sun Apr 16 19:13:42 CEST 2023][ Locomotive_LOC_MOCK_STATION_600_25_MOCK_STATION_604_50_14_ROLLING_STOCK_HEAD_446.0@info ] > Moving from MOCK_STATION_606_29 to MOCK_STATION_689_59
[Sun Apr 16 19:13:42 CEST 2023][ Locomotive_LOC_MOCK_STATION_600_25_MOCK_STATION_604_50_14_ROLLING_STOCK_HEAD_446.0@info ] > Current speed : 0.0 km/h
[Sun Apr 16 19:13:42 CEST 2023][ Locomotive_LOC_MOCK_STATION_600_25_MOCK_STATION_604_50_14_ROLLING_STOCK_HEAD_446.0@info ] > Journey completion progress : 5.0
[Sun Apr 16 19:13:44 CEST 2023][ Locomotive_LOC_MOCK_STATION_600_25_MOCK_STATION_604_50_14_ROLLING_STOCK_HEAD_446.0@info ] > Decreasing speed before station...
[Sun Apr 16 19:13:44 CEST 2023][ Locomotive_LOC_MOCK_STATION_600_25_MOCK_STATION_604_50_14_ROLLING_STOCK_HEAD_446.0@info ] > 	 ( Waiting 2 seconds at station for possible loads/unloads )
[Sun Apr 16 19:13:46 CEST 2023][ Locomotive_LOC_MOCK_STATION_600_25_MOCK_STATION_604_50_14_ROLLING_STOCK_HEAD_446.0@info ] > 	( Moving forward after station brake at station MOCK_STATION_689_59 )
[Sun Apr 16 19:13:46 CEST 2023][ Locomotive_LOC_MOCK_STATION_600_25_MOCK_STATION_604_50_14_ROLLING_STOCK_HEAD_446.0@info ] > LOC_MOCK_STATION_600_25_MOCK_STATION_604_50_14 : BLOCKED
[Sun Apr 16 19:13:46 CEST 2023][ Locomotive_LOC_MOCK_STATION_600_25_MOCK_STATION_604_50_14_ROLLING_STOCK_HEAD_446.0@info ] > LOC_MOCK_STATION_600_25_MOCK_STATION_604_50_14 : FREE TO GO
[Sun Apr 16 19:13:46 CEST 2023][ Locomotive_LOC_MOCK_STATION_600_25_MOCK_STATION_604_50_14_ROLLING_STOCK_HEAD_446.0@info ] > Estimated arrival in 2 seconds
[Sun Apr 16 19:13:46 CEST 2023][ Locomotive_LOC_MOCK_STATION_600_25_MOCK_STATION_604_50_14_ROLLING_STOCK_HEAD_446.0@info ] > Moving from MOCK_STATION_689_59 to MOCK_STATION_699_88
[Sun Apr 16 19:13:46 CEST 2023][ Locomotive_LOC_MOCK_STATION_600_25_MOCK_STATION_604_50_14_ROLLING_STOCK_HEAD_446.0@info ] > Current speed : 0.0 km/h
[Sun Apr 16 19:13:46 CEST 2023][ Locomotive_LOC_MOCK_STATION_600_25_MOCK_STATION_604_50_14_ROLLING_STOCK_HEAD_446.0@info ] > Journey completion progress : 6.0
[Sun Apr 16 19:13:49 CEST 2023][ Locomotive_LOC_MOCK_STATION_600_25_MOCK_STATION_604_50_14_ROLLING_STOCK_HEAD_446.0@info ] > Decreasing speed before station...
[Sun Apr 16 19:13:50 CEST 2023][ Locomotive_LOC_MOCK_STATION_600_25_MOCK_STATION_604_50_14_ROLLING_STOCK_HEAD_446.0@info ] > 	 ( Waiting 2 seconds at station for possible loads/unloads )
[Sun Apr 16 19:13:52 CEST 2023][ Locomotive_LOC_MOCK_STATION_600_25_MOCK_STATION_604_50_14_ROLLING_STOCK_HEAD_446.0@info ] > 	( Moving forward after station brake at station MOCK_STATION_699_88 )
[Sun Apr 16 19:13:52 CEST 2023][ Locomotive_LOC_MOCK_STATION_600_25_MOCK_STATION_604_50_14_ROLLING_STOCK_HEAD_446.0@info ] > LOC_MOCK_STATION_600_25_MOCK_STATION_604_50_14 : BLOCKED
[Sun Apr 16 19:14:07 CEST 2023][ Locomotive_LOC_MOCK_STATION_600_25_MOCK_STATION_604_50_14_ROLLING_STOCK_HEAD_446.0@info ] > LOC_MOCK_STATION_600_25_MOCK_STATION_604_50_14 : FREE TO GO
[Sun Apr 16 19:14:07 CEST 2023][ Locomotive_LOC_MOCK_STATION_600_25_MOCK_STATION_604_50_14_ROLLING_STOCK_HEAD_446.0@info ] > Estimated arrival in 1 seconds
[Sun Apr 16 19:14:07 CEST 2023][ Locomotive_LOC_MOCK_STATION_600_25_MOCK_STATION_604_50_14_ROLLING_STOCK_HEAD_446.0@info ] > Moving from MOCK_STATION_699_88 to MOCK_STATION_608_77
[Sun Apr 16 19:14:07 CEST 2023][ Locomotive_LOC_MOCK_STATION_600_25_MOCK_STATION_604_50_14_ROLLING_STOCK_HEAD_446.0@info ] > Current speed : 0.0 km/h
[Sun Apr 16 19:14:07 CEST 2023][ Locomotive_LOC_MOCK_STATION_600_25_MOCK_STATION_604_50_14_ROLLING_STOCK_HEAD_446.0@info ] > Journey completion progress : 7.0
[Sun Apr 16 19:14:08 CEST 2023][ Locomotive_LOC_MOCK_STATION_600_25_MOCK_STATION_604_50_14_ROLLING_STOCK_HEAD_446.0@info ] > Decreasing speed before station...
[Sun Apr 16 19:14:08 CEST 2023][ Locomotive_LOC_MOCK_STATION_600_25_MOCK_STATION_604_50_14_ROLLING_STOCK_HEAD_446.0@info ] > 	 ( Waiting 2 seconds at station for possible loads/unloads )
[Sun Apr 16 19:14:10 CEST 2023][ Locomotive_LOC_MOCK_STATION_600_25_MOCK_STATION_604_50_14_ROLLING_STOCK_HEAD_446.0@info ] > 	( Moving forward after station brake at station MOCK_STATION_608_77 )
[Sun Apr 16 19:14:10 CEST 2023][ Locomotive_LOC_MOCK_STATION_600_25_MOCK_STATION_604_50_14_ROLLING_STOCK_HEAD_446.0@info ] > LOC_MOCK_STATION_600_25_MOCK_STATION_604_50_14 : BLOCKED
[Sun Apr 16 19:14:12 CEST 2023][ Locomotive_LOC_MOCK_STATION_600_25_MOCK_STATION_604_50_14_ROLLING_STOCK_HEAD_446.0@info ] > LOC_MOCK_STATION_600_25_MOCK_STATION_604_50_14 : FREE TO GO
[Sun Apr 16 19:14:12 CEST 2023][ Locomotive_LOC_MOCK_STATION_600_25_MOCK_STATION_604_50_14_ROLLING_STOCK_HEAD_446.0@info ] > Estimated arrival in 3 seconds
[Sun Apr 16 19:14:12 CEST 2023][ Locomotive_LOC_MOCK_STATION_600_25_MOCK_STATION_604_50_14_ROLLING_STOCK_HEAD_446.0@info ] > Moving from MOCK_STATION_608_77 to MOCK_STATION_642_52
[Sun Apr 16 19:14:12 CEST 2023][ Locomotive_LOC_MOCK_STATION_600_25_MOCK_STATION_604_50_14_ROLLING_STOCK_HEAD_446.0@info ] > Current speed : 0.0 km/h
[Sun Apr 16 19:14:12 CEST 2023][ Locomotive_LOC_MOCK_STATION_600_25_MOCK_STATION_604_50_14_ROLLING_STOCK_HEAD_446.0@info ] > Journey completion progress : 8.0
[Sun Apr 16 19:14:15 CEST 2023][ Locomotive_LOC_MOCK_STATION_600_25_MOCK_STATION_604_50_14_ROLLING_STOCK_HEAD_446.0@info ] > Decreasing speed before station...
[Sun Apr 16 19:14:16 CEST 2023][ Locomotive_LOC_MOCK_STATION_600_25_MOCK_STATION_604_50_14_ROLLING_STOCK_HEAD_446.0@info ] > 	 ( Waiting 2 seconds at station for possible loads/unloads )
[Sun Apr 16 19:14:18 CEST 2023][ Locomotive_LOC_MOCK_STATION_600_25_MOCK_STATION_604_50_14_ROLLING_STOCK_HEAD_446.0@info ] > 	( Moving forward after station brake at station MOCK_STATION_642_52 )
[Sun Apr 16 19:14:18 CEST 2023][ Locomotive_LOC_MOCK_STATION_600_25_MOCK_STATION_604_50_14_ROLLING_STOCK_HEAD_446.0@info ] > LOC_MOCK_STATION_600_25_MOCK_STATION_604_50_14 : BLOCKED
[Sun Apr 16 19:14:18 CEST 2023][ Locomotive_LOC_MOCK_STATION_600_25_MOCK_STATION_604_50_14_ROLLING_STOCK_HEAD_446.0@info ] > LOC_MOCK_STATION_600_25_MOCK_STATION_604_50_14 : FREE TO GO
[Sun Apr 16 19:14:18 CEST 2023][ Locomotive_LOC_MOCK_STATION_600_25_MOCK_STATION_604_50_14_ROLLING_STOCK_HEAD_446.0@info ] > Estimated arrival in 1 seconds
[Sun Apr 16 19:14:18 CEST 2023][ Locomotive_LOC_MOCK_STATION_600_25_MOCK_STATION_604_50_14_ROLLING_STOCK_HEAD_446.0@info ] > Moving from MOCK_STATION_642_52 to MOCK_STATION_677_52
[Sun Apr 16 19:14:18 CEST 2023][ Locomotive_LOC_MOCK_STATION_600_25_MOCK_STATION_604_50_14_ROLLING_STOCK_HEAD_446.0@info ] > Current speed : 0.0 km/h
[Sun Apr 16 19:14:18 CEST 2023][ Locomotive_LOC_MOCK_STATION_600_25_MOCK_STATION_604_50_14_ROLLING_STOCK_HEAD_446.0@info ] > Journey completion progress : 9.0
[Sun Apr 16 19:14:19 CEST 2023][ Locomotive_LOC_MOCK_STATION_600_25_MOCK_STATION_604_50_14_ROLLING_STOCK_HEAD_446.0@info ] > Decreasing speed before station...
[Sun Apr 16 19:14:19 CEST 2023][ Locomotive_LOC_MOCK_STATION_600_25_MOCK_STATION_604_50_14_ROLLING_STOCK_HEAD_446.0@info ] > 	 ( Waiting 2 seconds at station for possible loads/unloads )
[Sun Apr 16 19:14:21 CEST 2023][ Locomotive_LOC_MOCK_STATION_600_25_MOCK_STATION_604_50_14_ROLLING_STOCK_HEAD_446.0@info ] > 	( Moving forward after station brake at station MOCK_STATION_677_52 )
[Sun Apr 16 19:14:21 CEST 2023][ Locomotive_LOC_MOCK_STATION_600_25_MOCK_STATION_604_50_14_ROLLING_STOCK_HEAD_446.0@info ] > LOC_MOCK_STATION_600_25_MOCK_STATION_604_50_14 : BLOCKED
[Sun Apr 16 19:14:34 CEST 2023][ Locomotive_LOC_MOCK_STATION_600_25_MOCK_STATION_604_50_14_ROLLING_STOCK_HEAD_446.0@info ] > LOC_MOCK_STATION_600_25_MOCK_STATION_604_50_14 : FREE TO GO
[Sun Apr 16 19:14:34 CEST 2023][ Locomotive_LOC_MOCK_STATION_600_25_MOCK_STATION_604_50_14_ROLLING_STOCK_HEAD_446.0@info ] > Estimated arrival in 2 seconds
[Sun Apr 16 19:14:34 CEST 2023][ Locomotive_LOC_MOCK_STATION_600_25_MOCK_STATION_604_50_14_ROLLING_STOCK_HEAD_446.0@info ] > Moving from MOCK_STATION_677_52 to MOCK_STATION_664_69
[Sun Apr 16 19:14:34 CEST 2023][ Locomotive_LOC_MOCK_STATION_600_25_MOCK_STATION_604_50_14_ROLLING_STOCK_HEAD_446.0@info ] > Current speed : 0.0 km/h
[Sun Apr 16 19:14:34 CEST 2023][ Locomotive_LOC_MOCK_STATION_600_25_MOCK_STATION_604_50_14_ROLLING_STOCK_HEAD_446.0@info ] > Journey completion progress : 10.0
[Sun Apr 16 19:14:36 CEST 2023][ Locomotive_LOC_MOCK_STATION_600_25_MOCK_STATION_604_50_14_ROLLING_STOCK_HEAD_446.0@info ] > Decreasing speed before station...
[Sun Apr 16 19:14:37 CEST 2023][ Locomotive_LOC_MOCK_STATION_600_25_MOCK_STATION_604_50_14_ROLLING_STOCK_HEAD_446.0@info ] > 	 ( Waiting 2 seconds at station for possible loads/unloads )
[Sun Apr 16 19:14:39 CEST 2023][ Locomotive_LOC_MOCK_STATION_600_25_MOCK_STATION_604_50_14_ROLLING_STOCK_HEAD_446.0@info ] > 	( Moving forward after station brake at station MOCK_STATION_664_69 )
[Sun Apr 16 19:14:39 CEST 2023][ Locomotive_LOC_MOCK_STATION_600_25_MOCK_STATION_604_50_14_ROLLING_STOCK_HEAD_446.0@info ] > LOC_MOCK_STATION_600_25_MOCK_STATION_604_50_14 : BLOCKED
[Sun Apr 16 19:14:45 CEST 2023][ Locomotive_LOC_MOCK_STATION_600_25_MOCK_STATION_604_50_14_ROLLING_STOCK_HEAD_446.0@info ] > LOC_MOCK_STATION_600_25_MOCK_STATION_604_50_14 : FREE TO GO
[Sun Apr 16 19:14:45 CEST 2023][ Locomotive_LOC_MOCK_STATION_600_25_MOCK_STATION_604_50_14_ROLLING_STOCK_HEAD_446.0@info ] > Estimated arrival in 3 seconds
[Sun Apr 16 19:14:45 CEST 2023][ Locomotive_LOC_MOCK_STATION_600_25_MOCK_STATION_604_50_14_ROLLING_STOCK_HEAD_446.0@info ] > Moving from MOCK_STATION_664_69 to MOCK_STATION_614_49
[Sun Apr 16 19:14:45 CEST 2023][ Locomotive_LOC_MOCK_STATION_600_25_MOCK_STATION_604_50_14_ROLLING_STOCK_HEAD_446.0@info ] > Current speed : 0.0 km/h
[Sun Apr 16 19:14:45 CEST 2023][ Locomotive_LOC_MOCK_STATION_600_25_MOCK_STATION_604_50_14_ROLLING_STOCK_HEAD_446.0@info ] > Journey completion progress : 11.0
[Sun Apr 16 19:14:48 CEST 2023][ Locomotive_LOC_MOCK_STATION_600_25_MOCK_STATION_604_50_14_ROLLING_STOCK_HEAD_446.0@info ] > Decreasing speed before station...
[Sun Apr 16 19:14:49 CEST 2023][ Locomotive_LOC_MOCK_STATION_600_25_MOCK_STATION_604_50_14_ROLLING_STOCK_HEAD_446.0@info ] > 	 ( Waiting 2 seconds at station for possible loads/unloads )
[Sun Apr 16 19:14:51 CEST 2023][ Locomotive_LOC_MOCK_STATION_600_25_MOCK_STATION_604_50_14_ROLLING_STOCK_HEAD_446.0@info ] > 	( Moving forward after station brake at station MOCK_STATION_614_49 )
[Sun Apr 16 19:14:51 CEST 2023][ Locomotive_LOC_MOCK_STATION_600_25_MOCK_STATION_604_50_14_ROLLING_STOCK_HEAD_446.0@info ] > LOC_MOCK_STATION_600_25_MOCK_STATION_604_50_14 : BLOCKED
[Sun Apr 16 19:14:51 CEST 2023][ Locomotive_LOC_MOCK_STATION_600_25_MOCK_STATION_604_50_14_ROLLING_STOCK_HEAD_446.0@info ] > LOC_MOCK_STATION_600_25_MOCK_STATION_604_50_14 : FREE TO GO
[Sun Apr 16 19:14:51 CEST 2023][ Locomotive_LOC_MOCK_STATION_600_25_MOCK_STATION_604_50_14_ROLLING_STOCK_HEAD_446.0@info ] > Estimated arrival in 2 seconds
[Sun Apr 16 19:14:51 CEST 2023][ Locomotive_LOC_MOCK_STATION_600_25_MOCK_STATION_604_50_14_ROLLING_STOCK_HEAD_446.0@info ] > Moving from MOCK_STATION_614_49 to MOCK_STATION_639_39
[Sun Apr 16 19:14:51 CEST 2023][ Locomotive_LOC_MOCK_STATION_600_25_MOCK_STATION_604_50_14_ROLLING_STOCK_HEAD_446.0@info ] > Current speed : 0.0 km/h
[Sun Apr 16 19:14:51 CEST 2023][ Locomotive_LOC_MOCK_STATION_600_25_MOCK_STATION_604_50_14_ROLLING_STOCK_HEAD_446.0@info ] > Journey completion progress : 12.0
[Sun Apr 16 19:14:53 CEST 2023][ Locomotive_LOC_MOCK_STATION_600_25_MOCK_STATION_604_50_14_ROLLING_STOCK_HEAD_446.0@info ] > Decreasing speed before station...
[Sun Apr 16 19:14:53 CEST 2023][ Locomotive_LOC_MOCK_STATION_600_25_MOCK_STATION_604_50_14_ROLLING_STOCK_HEAD_446.0@info ] > 	 ( Waiting 2 seconds at station for possible loads/unloads )
[Sun Apr 16 19:14:55 CEST 2023][ Locomotive_LOC_MOCK_STATION_600_25_MOCK_STATION_604_50_14_ROLLING_STOCK_HEAD_446.0@info ] > 	( Moving forward after station brake at station MOCK_STATION_639_39 )
[Sun Apr 16 19:14:55 CEST 2023][ Locomotive_LOC_MOCK_STATION_600_25_MOCK_STATION_604_50_14_ROLLING_STOCK_HEAD_446.0@info ] > LOC_MOCK_STATION_600_25_MOCK_STATION_604_50_14 : BLOCKED
[Sun Apr 16 19:14:55 CEST 2023][ Locomotive_LOC_MOCK_STATION_600_25_MOCK_STATION_604_50_14_ROLLING_STOCK_HEAD_446.0@info ] > LOC_MOCK_STATION_600_25_MOCK_STATION_604_50_14 : FREE TO GO
[Sun Apr 16 19:14:55 CEST 2023][ Locomotive_LOC_MOCK_STATION_600_25_MOCK_STATION_604_50_14_ROLLING_STOCK_HEAD_446.0@info ] > Estimated arrival in 1 seconds
[Sun Apr 16 19:14:55 CEST 2023][ Locomotive_LOC_MOCK_STATION_600_25_MOCK_STATION_604_50_14_ROLLING_STOCK_HEAD_446.0@info ] > Moving from MOCK_STATION_639_39 to MOCK_STATION_680_78
[Sun Apr 16 19:14:55 CEST 2023][ Locomotive_LOC_MOCK_STATION_600_25_MOCK_STATION_604_50_14_ROLLING_STOCK_HEAD_446.0@info ] > Current speed : 0.0 km/h
[Sun Apr 16 19:14:55 CEST 2023][ Locomotive_LOC_MOCK_STATION_600_25_MOCK_STATION_604_50_14_ROLLING_STOCK_HEAD_446.0@info ] > Journey completion progress : 13.0
[Sun Apr 16 19:14:56 CEST 2023][ Locomotive_LOC_MOCK_STATION_600_25_MOCK_STATION_604_50_14_ROLLING_STOCK_HEAD_446.0@info ] > Decreasing speed before station...
[Sun Apr 16 19:14:56 CEST 2023][ Locomotive_LOC_MOCK_STATION_600_25_MOCK_STATION_604_50_14_ROLLING_STOCK_HEAD_446.0@info ] > 	 ( Waiting 2 seconds at station for possible loads/unloads )
[Sun Apr 16 19:14:58 CEST 2023][ Locomotive_LOC_MOCK_STATION_600_25_MOCK_STATION_604_50_14_ROLLING_STOCK_HEAD_446.0@info ] > 	( Moving forward after station brake at station MOCK_STATION_680_78 )
[Sun Apr 16 19:14:58 CEST 2023][ Locomotive_LOC_MOCK_STATION_600_25_MOCK_STATION_604_50_14_ROLLING_STOCK_HEAD_446.0@info ] > LOC_MOCK_STATION_600_25_MOCK_STATION_604_50_14 : BLOCKED
[Sun Apr 16 19:14:58 CEST 2023][ Locomotive_LOC_MOCK_STATION_600_25_MOCK_STATION_604_50_14_ROLLING_STOCK_HEAD_446.0@info ] > LOC_MOCK_STATION_600_25_MOCK_STATION_604_50_14 : FREE TO GO
[Sun Apr 16 19:14:58 CEST 2023][ Locomotive_LOC_MOCK_STATION_600_25_MOCK_STATION_604_50_14_ROLLING_STOCK_HEAD_446.0@info ] > Estimated arrival in 0 seconds
[Sun Apr 16 19:14:58 CEST 2023][ Locomotive_LOC_MOCK_STATION_600_25_MOCK_STATION_604_50_14_ROLLING_STOCK_HEAD_446.0@info ] > Moving from MOCK_STATION_680_78 to MOCK_STATION_646_18
[Sun Apr 16 19:14:58 CEST 2023][ Locomotive_LOC_MOCK_STATION_600_25_MOCK_STATION_604_50_14_ROLLING_STOCK_HEAD_446.0@info ] > Current speed : 0.0 km/h
[Sun Apr 16 19:14:58 CEST 2023][ Locomotive_LOC_MOCK_STATION_600_25_MOCK_STATION_604_50_14_ROLLING_STOCK_HEAD_446.0@info ] > Journey completion progress : 14.0
[Sun Apr 16 19:14:59 CEST 2023][ Locomotive_LOC_MOCK_STATION_600_25_MOCK_STATION_604_50_14_ROLLING_STOCK_HEAD_446.0@info ] > Decreasing speed before station...
[Sun Apr 16 19:14:59 CEST 2023][ Locomotive_LOC_MOCK_STATION_600_25_MOCK_STATION_604_50_14_ROLLING_STOCK_HEAD_446.0@info ] > 	 ( Waiting 2 seconds at station for possible loads/unloads )
[Sun Apr 16 19:15:01 CEST 2023][ Locomotive_LOC_MOCK_STATION_600_25_MOCK_STATION_604_50_14_ROLLING_STOCK_HEAD_446.0@info ] > 	( Moving forward after station brake at station MOCK_STATION_646_18 )
[Sun Apr 16 19:15:01 CEST 2023][ Locomotive_LOC_MOCK_STATION_600_25_MOCK_STATION_604_50_14_ROLLING_STOCK_HEAD_446.0@info ] > LOC_MOCK_STATION_600_25_MOCK_STATION_604_50_14 : BLOCKED
[Sun Apr 16 19:15:01 CEST 2023][ Locomotive_LOC_MOCK_STATION_600_25_MOCK_STATION_604_50_14_ROLLING_STOCK_HEAD_446.0@info ] > LOC_MOCK_STATION_600_25_MOCK_STATION_604_50_14 : FREE TO GO
[Sun Apr 16 19:15:01 CEST 2023][ Locomotive_LOC_MOCK_STATION_600_25_MOCK_STATION_604_50_14_ROLLING_STOCK_HEAD_446.0@info ] > Estimated arrival in 2 seconds
[Sun Apr 16 19:15:01 CEST 2023][ Locomotive_LOC_MOCK_STATION_600_25_MOCK_STATION_604_50_14_ROLLING_STOCK_HEAD_446.0@info ] > Moving from MOCK_STATION_646_18 to MOCK_STATION_625_12
[Sun Apr 16 19:15:01 CEST 2023][ Locomotive_LOC_MOCK_STATION_600_25_MOCK_STATION_604_50_14_ROLLING_STOCK_HEAD_446.0@info ] > Current speed : 0.0 km/h
[Sun Apr 16 19:15:01 CEST 2023][ Locomotive_LOC_MOCK_STATION_600_25_MOCK_STATION_604_50_14_ROLLING_STOCK_HEAD_446.0@info ] > Journey completion progress : 15.0
