[Sun Apr 02 15:57:03 CEST 2023][ Presentation@info ] > [post_office_railroad_car]
[Sun Apr 02 15:57:03 CEST 2023][ Presentation@info ] > [toxic_materials_railroad_car]
[Sun Apr 02 15:57:03 CEST 2023][ Presentation@info ] > [toxic_liquid_materials_railroad_car]
[Sun Apr 02 15:57:03 CEST 2023][ Presentation@info ] > [baggage_railroad_car]
[Sun Apr 02 15:57:03 CEST 2023][ Presentation@info ] > [refrigerated_railroad_car]
[Sun Apr 02 15:57:03 CEST 2023][ Presentation@info ] > [liquid_materials_railroad_car]
[Sun Apr 02 15:57:03 CEST 2023][ Presentation@info ] > [passenger_railroad_car]
[Sun Apr 02 15:57:03 CEST 2023][ Presentation@info ] > [liquid_materials_railroad_car]
[Sun Apr 02 15:57:03 CEST 2023][ Presentation@info ] > [liquid_materials_railroad_car]
[Sun Apr 02 15:57:03 CEST 2023][ Presentation@info ] > [restaurant_railroad_car]
[Sun Apr 02 15:57:03 CEST 2023][ Presentation@info ] > [toxic_liquid_materials_railroad_car]
[Sun Apr 02 15:57:03 CEST 2023][ Presentation@info ] > [liquid_materials_railroad_car]
[Sun Apr 02 15:57:03 CEST 2023][ Presentation@info ] > [basic_railroad_freight_car]
[Sun Apr 02 15:57:03 CEST 2023][ Presentation@info ] > [basic_railroad_freight_car]
[Sun Apr 02 15:57:03 CEST 2023][ Presentation@info ] > [heavy_railroad_freight_car]
[Sun Apr 02 15:57:03 CEST 2023][ Presentation@info ] > [electrical_grid_provider]
[Sun Apr 02 15:57:03 CEST 2023][ Presentation@info ] > [mail_railroad_car]
[Sun Apr 02 15:57:03 CEST 2023][ Presentation@info ] > [liquid_materials_railroad_car]
[Sun Apr 02 15:57:03 CEST 2023][ Presentation@info ] > [toxic_materials_railroad_car]
[Sun Apr 02 15:57:03 CEST 2023][ Presentation@info ] > [explosives_liquid_materials_railroad_car]
[Sun Apr 02 15:57:03 CEST 2023][ Presentation@info ] > [baggage_railroad_car]
[Sun Apr 02 15:57:03 CEST 2023][ Presentation@info ] > [heavy_railroad_freight_car]
[Sun Apr 02 15:57:03 CEST 2023][ Presentation@info ] > [post_office_railroad_car]
[Sun Apr 02 15:57:03 CEST 2023][ Presentation@info ] > [basic_railroad_freight_car]
[Sun Apr 02 15:57:03 CEST 2023][ Presentation@info ] > [post_office_railroad_car]
[Sun Apr 02 15:57:03 CEST 2023][ Presentation@info ] > [basic_railroad_freight_car]
[Sun Apr 02 15:57:03 CEST 2023][ Presentation@info ] > [passenger_railroad_car]
[Sun Apr 02 15:57:03 CEST 2023][ Presentation@info ] > [liquid_materials_railroad_car]
[Sun Apr 02 15:57:03 CEST 2023][ Presentation@info ] > [explosives_materials_railroad_car]
[Sun Apr 02 15:57:03 CEST 2023][ Presentation@info ] > [mail_railroad_car]
[Sun Apr 02 15:57:03 CEST 2023][ Presentation@info ] > [toxic_liquid_materials_railroad_car]
[Sun Apr 02 15:57:03 CEST 2023][ Presentation@info ] > [heavy_railroad_freight_car]
[Sun Apr 02 15:57:03 CEST 2023][ Presentation@info ] > [passenger_railroad_car]
[Sun Apr 02 15:57:03 CEST 2023][ Presentation@info ] > [liquid_materials_railroad_car]
[Sun Apr 02 15:57:03 CEST 2023][ Presentation@info ] > [toxic_liquid_materials_railroad_car]
[Sun Apr 02 15:57:03 CEST 2023][ Presentation@info ] > [basic_railroad_freight_car]
[Sun Apr 02 15:57:03 CEST 2023][ Presentation@info ] > [liquid_materials_railroad_car]
[Sun Apr 02 15:57:03 CEST 2023][ Presentation@info ] > [electrical_grid_provider]
[Sun Apr 02 15:57:03 CEST 2023][ Presentation@info ] > [explosives_liquid_materials_railroad_car]
[Sun Apr 02 15:57:03 CEST 2023][ Presentation@info ] > [mail_railroad_car]
[Sun Apr 02 15:57:03 CEST 2023][ Presentation@info ] > [basic_railroad_freight_car]
[Sun Apr 02 15:57:03 CEST 2023][ Presentation@info ] > [electrical_grid_provider]
[Sun Apr 02 15:57:03 CEST 2023][ Presentation@info ] > [refrigerated_railroad_car]
[Sun Apr 02 15:57:03 CEST 2023][ Presentation@info ] > [liquid_materials_railroad_car]
[Sun Apr 02 15:57:03 CEST 2023][ Presentation@info ] > [explosives_liquid_materials_railroad_car]
[Sun Apr 02 15:57:03 CEST 2023][ Presentation@info ] > [liquid_materials_railroad_car]
[Sun Apr 02 15:57:03 CEST 2023][ Presentation@info ] > [toxic_materials_railroad_car]
[Sun Apr 02 15:57:03 CEST 2023][ Presentation@info ] > [explosives_liquid_materials_railroad_car]
[Sun Apr 02 15:57:03 CEST 2023][ Presentation@info ] > [post_office_railroad_car, electrical_grid_provider]
[Sun Apr 02 15:57:03 CEST 2023][ Presentation@info ] > {basic_railroad_freight_car=[refrigerated_railroad_car, gaseous_materials_railroad_car, liquid_materials_railroad_car], explosives_liquid_materials_railroad_car=[explosives_materials_railroad_car, liquid_materials_railroad_car], toxic_liquid_materials_railroad_car=[toxic_materials_railroad_car, liquid_materials_railroad_car], heavy_railroad_freight_car=[toxic_materials_railroad_car, explosives_materials_railroad_car, toxic_liquid_materials_railroad_car], electrical_grid_provider=[passenger_railroad_car, refrigerated_railroad_car, restaurant_railroad_car, post_office_railroad_car]}
[Sun Apr 02 15:57:03 CEST 2023][ Presentation@info ] > true
[Sun Apr 02 16:18:24 CEST 2023][ Presentation@info ] > [mail_railroad_car]
[Sun Apr 02 16:18:24 CEST 2023][ Presentation@info ] > [passenger_railroad_car]
[Sun Apr 02 16:18:24 CEST 2023][ Presentation@info ] > [liquid_materials_railroad_car]
[Sun Apr 02 16:18:24 CEST 2023][ Presentation@info ] > [refrigerated_railroad_car]
[Sun Apr 02 16:18:24 CEST 2023][ Presentation@info ] > [post_office_railroad_car]
[Sun Apr 02 16:18:24 CEST 2023][ Presentation@info ] > [basic_railroad_freight_car]
[Sun Apr 02 16:18:24 CEST 2023][ Presentation@info ] > [restaurant_railroad_car]
[Sun Apr 02 16:18:24 CEST 2023][ Presentation@info ] > [explosives_liquid_materials_railroad_car]
[Sun Apr 02 16:18:24 CEST 2023][ Presentation@info ] > [mail_railroad_car]
[Sun Apr 02 16:18:24 CEST 2023][ Presentation@info ] > [explosives_liquid_materials_railroad_car]
[Sun Apr 02 16:18:24 CEST 2023][ Presentation@info ] > [toxic_liquid_materials_railroad_car]
[Sun Apr 02 16:18:24 CEST 2023][ Presentation@info ] > [baggage_railroad_car]
[Sun Apr 02 16:18:24 CEST 2023][ Presentation@info ] > [restaurant_railroad_car, electrical_grid_provider]
[Sun Apr 02 16:18:24 CEST 2023][ Presentation@info ] > {basic_railroad_freight_car=[refrigerated_railroad_car, gaseous_materials_railroad_car, liquid_materials_railroad_car], explosives_liquid_materials_railroad_car=[explosives_materials_railroad_car, liquid_materials_railroad_car], toxic_liquid_materials_railroad_car=[toxic_materials_railroad_car, liquid_materials_railroad_car], heavy_railroad_freight_car=[toxic_materials_railroad_car, explosives_materials_railroad_car, toxic_liquid_materials_railroad_car], electrical_grid_provider=[passenger_railroad_car, refrigerated_railroad_car, restaurant_railroad_car, post_office_railroad_car]}
[Sun Apr 02 16:18:24 CEST 2023][ Presentation@info ] > true
[Sat Apr 08 21:11:12 CEST 2023][ Presentation@info ] > [explosives_liquid_materials_railroad_car]
[Sat Apr 08 21:11:12 CEST 2023][ Presentation@info ] > [restaurant_railroad_car]
[Sat Apr 08 21:11:12 CEST 2023][ Presentation@info ] > [liquid_materials_railroad_car]
[Sat Apr 08 21:11:12 CEST 2023][ Presentation@info ] > [post_office_railroad_car]
[Sat Apr 08 21:11:12 CEST 2023][ Presentation@info ] > [toxic_liquid_materials_railroad_car]
[Sat Apr 08 21:11:12 CEST 2023][ Presentation@info ] > [explosives_liquid_materials_railroad_car]
[Sat Apr 08 21:11:12 CEST 2023][ Presentation@info ] > [gaseous_materials_railroad_car]
[Sat Apr 08 21:11:12 CEST 2023][ Presentation@info ] > [explosives_liquid_materials_railroad_car]
[Sat Apr 08 21:11:12 CEST 2023][ Presentation@info ] > [passenger_railroad_car]
[Sat Apr 08 21:11:12 CEST 2023][ Presentation@info ] > [toxic_liquid_materials_railroad_car]
[Sat Apr 08 21:11:12 CEST 2023][ Presentation@info ] > [refrigerated_railroad_car]
[Sat Apr 08 21:11:12 CEST 2023][ Presentation@info ] > [toxic_liquid_materials_railroad_car]
[Sat Apr 08 21:11:12 CEST 2023][ Presentation@info ] > [post_office_railroad_car]
[Sat Apr 08 21:11:12 CEST 2023][ Presentation@info ] > [heavy_railroad_freight_car]
[Sat Apr 08 21:11:12 CEST 2023][ Presentation@info ] > [liquid_materials_railroad_car]
[Sat Apr 08 21:11:12 CEST 2023][ Presentation@info ] > [heavy_railroad_freight_car]
[Sat Apr 08 21:11:12 CEST 2023][ Presentation@info ] > [toxic_liquid_materials_railroad_car]
[Sat Apr 08 21:11:12 CEST 2023][ Presentation@info ] > [toxic_liquid_materials_railroad_car]
[Sat Apr 08 21:11:12 CEST 2023][ Presentation@info ] > [refrigerated_railroad_car]
[Sat Apr 08 21:11:12 CEST 2023][ Presentation@info ] > [heavy_railroad_freight_car]
[Sat Apr 08 21:11:12 CEST 2023][ Presentation@info ] > [baggage_railroad_car]
[Sat Apr 08 21:11:12 CEST 2023][ Presentation@info ] > [explosives_materials_railroad_car]
[Sat Apr 08 21:11:12 CEST 2023][ Presentation@info ] > [post_office_railroad_car]
[Sat Apr 08 21:11:12 CEST 2023][ Presentation@info ] > [restaurant_railroad_car]
[Sat Apr 08 21:11:12 CEST 2023][ Presentation@info ] > [restaurant_railroad_car]
[Sat Apr 08 21:11:12 CEST 2023][ Presentation@info ] > [electrical_grid_provider]
[Sat Apr 08 21:11:12 CEST 2023][ Presentation@info ] > [basic_railroad_freight_car]
[Sat Apr 08 21:11:12 CEST 2023][ Presentation@info ] > [mail_railroad_car]
[Sat Apr 08 21:11:12 CEST 2023][ Presentation@info ] > [baggage_railroad_car]
[Sat Apr 08 21:11:12 CEST 2023][ Presentation@info ] > [heavy_railroad_freight_car]
[Sat Apr 08 21:11:12 CEST 2023][ Presentation@info ] > [explosives_liquid_materials_railroad_car]
[Sat Apr 08 21:11:12 CEST 2023][ Presentation@info ] > [toxic_liquid_materials_railroad_car]
[Sat Apr 08 21:11:12 CEST 2023][ Presentation@info ] > [refrigerated_railroad_car]
[Sat Apr 08 21:11:12 CEST 2023][ Presentation@info ] > [liquid_materials_railroad_car]
[Sat Apr 08 21:11:12 CEST 2023][ Presentation@info ] > [liquid_materials_railroad_car]
[Sat Apr 08 21:11:12 CEST 2023][ Presentation@info ] > [passenger_railroad_car]
[Sat Apr 08 21:11:12 CEST 2023][ Presentation@info ] > [electrical_grid_provider]
[Sat Apr 08 21:11:12 CEST 2023][ Presentation@info ] > [mail_railroad_car]
[Sat Apr 08 21:11:12 CEST 2023][ Presentation@info ] > [toxic_liquid_materials_railroad_car, electrical_grid_provider]
[Sat Apr 08 21:11:12 CEST 2023][ Presentation@info ] > {basic_railroad_freight_car=[refrigerated_railroad_car, gaseous_materials_railroad_car, liquid_materials_railroad_car], explosives_liquid_materials_railroad_car=[explosives_materials_railroad_car, liquid_materials_railroad_car], toxic_liquid_materials_railroad_car=[toxic_materials_railroad_car, liquid_materials_railroad_car], heavy_railroad_freight_car=[toxic_materials_railroad_car, explosives_materials_railroad_car, toxic_liquid_materials_railroad_car], electrical_grid_provider=[passenger_railroad_car, refrigerated_railroad_car, restaurant_railroad_car, post_office_railroad_car]}
[Sat Apr 08 21:11:12 CEST 2023][ Presentation@info ] > true
