[Sun Apr 16 18:56:21 CEST 2023][ Locomotive_LOC_MOCK_STATION_600_9_MOCK_STATION_622_2_2_ROLLING_STOCK_HEAD_711.0@info ] > LOC_MOCK_STATION_600_9_MOCK_STATION_622_2_2 : BLOCKED
[Sun Apr 16 18:56:21 CEST 2023][ Locomotive_LOC_MOCK_STATION_600_9_MOCK_STATION_622_2_2_ROLLING_STOCK_HEAD_711.0@info ] > LOC_MOCK_STATION_600_9_MOCK_STATION_622_2_2 : FREE TO GO
[Sun Apr 16 18:56:21 CEST 2023][ Locomotive_LOC_MOCK_STATION_600_9_MOCK_STATION_622_2_2_ROLLING_STOCK_HEAD_711.0@info ] > Estimated arrival in 0 seconds
[Sun Apr 16 18:56:21 CEST 2023][ Locomotive_LOC_MOCK_STATION_600_9_MOCK_STATION_622_2_2_ROLLING_STOCK_HEAD_711.0@info ] > Moving from MOCK_STATION_600_9 to MOCK_STATION_649_67
[Sun Apr 16 18:56:21 CEST 2023][ Locomotive_LOC_MOCK_STATION_600_9_MOCK_STATION_622_2_2_ROLLING_STOCK_HEAD_711.0@info ] > Current speed : 10.0 km/h
[Sun Apr 16 18:56:21 CEST 2023][ Locomotive_LOC_MOCK_STATION_600_9_MOCK_STATION_622_2_2_ROLLING_STOCK_HEAD_711.0@info ] > Journey completion progress : 0.0
[Sun Apr 16 18:56:21 CEST 2023][ Locomotive_LOC_MOCK_STATION_600_9_MOCK_STATION_622_2_2_ROLLING_STOCK_HEAD_711.0@info ] > Decreasing speed before station...
[Sun Apr 16 18:56:22 CEST 2023][ Locomotive_LOC_MOCK_STATION_600_9_MOCK_STATION_622_2_2_ROLLING_STOCK_HEAD_711.0@info ] > 	 ( Waiting 2 seconds at station for possible loads/unloads )
[Sun Apr 16 18:56:24 CEST 2023][ Locomotive_LOC_MOCK_STATION_600_9_MOCK_STATION_622_2_2_ROLLING_STOCK_HEAD_711.0@info ] > 	( Moving forward after station brake at station MOCK_STATION_649_67 )
[Sun Apr 16 18:56:24 CEST 2023][ Locomotive_LOC_MOCK_STATION_600_9_MOCK_STATION_622_2_2_ROLLING_STOCK_HEAD_711.0@info ] > LOC_MOCK_STATION_600_9_MOCK_STATION_622_2_2 : BLOCKED
[Sun Apr 16 18:56:24 CEST 2023][ Locomotive_LOC_MOCK_STATION_600_9_MOCK_STATION_622_2_2_ROLLING_STOCK_HEAD_711.0@info ] > LOC_MOCK_STATION_600_9_MOCK_STATION_622_2_2 : FREE TO GO
[Sun Apr 16 18:56:24 CEST 2023][ Locomotive_LOC_MOCK_STATION_600_9_MOCK_STATION_622_2_2_ROLLING_STOCK_HEAD_711.0@info ] > Estimated arrival in 1 seconds
[Sun Apr 16 18:56:24 CEST 2023][ Locomotive_LOC_MOCK_STATION_600_9_MOCK_STATION_622_2_2_ROLLING_STOCK_HEAD_711.0@info ] > Moving from MOCK_STATION_649_67 to MOCK_STATION_690_52
[Sun Apr 16 18:56:24 CEST 2023][ Locomotive_LOC_MOCK_STATION_600_9_MOCK_STATION_622_2_2_ROLLING_STOCK_HEAD_711.0@info ] > Current speed : 0.0 km/h
[Sun Apr 16 18:56:24 CEST 2023][ Locomotive_LOC_MOCK_STATION_600_9_MOCK_STATION_622_2_2_ROLLING_STOCK_HEAD_711.0@info ] > Journey completion progress : 1.0
[Sun Apr 16 18:56:25 CEST 2023][ Locomotive_LOC_MOCK_STATION_600_9_MOCK_STATION_622_2_2_ROLLING_STOCK_HEAD_711.0@info ] > Decreasing speed before station...
[Sun Apr 16 18:56:25 CEST 2023][ Locomotive_LOC_MOCK_STATION_600_9_MOCK_STATION_622_2_2_ROLLING_STOCK_HEAD_711.0@info ] > 	 ( Waiting 2 seconds at station for possible loads/unloads )
[Sun Apr 16 18:56:27 CEST 2023][ Locomotive_LOC_MOCK_STATION_600_9_MOCK_STATION_622_2_2_ROLLING_STOCK_HEAD_711.0@info ] > 	( Moving forward after station brake at station MOCK_STATION_690_52 )
[Sun Apr 16 18:56:27 CEST 2023][ Locomotive_LOC_MOCK_STATION_600_9_MOCK_STATION_622_2_2_ROLLING_STOCK_HEAD_711.0@info ] > LOC_MOCK_STATION_600_9_MOCK_STATION_622_2_2 : BLOCKED
[Sun Apr 16 18:56:27 CEST 2023][ Locomotive_LOC_MOCK_STATION_600_9_MOCK_STATION_622_2_2_ROLLING_STOCK_HEAD_711.0@info ] > LOC_MOCK_STATION_600_9_MOCK_STATION_622_2_2 : FREE TO GO
[Sun Apr 16 18:56:27 CEST 2023][ Locomotive_LOC_MOCK_STATION_600_9_MOCK_STATION_622_2_2_ROLLING_STOCK_HEAD_711.0@info ] > Estimated arrival in 0 seconds
[Sun Apr 16 18:56:27 CEST 2023][ Locomotive_LOC_MOCK_STATION_600_9_MOCK_STATION_622_2_2_ROLLING_STOCK_HEAD_711.0@info ] > Moving from MOCK_STATION_690_52 to MOCK_STATION_698_86
[Sun Apr 16 18:56:27 CEST 2023][ Locomotive_LOC_MOCK_STATION_600_9_MOCK_STATION_622_2_2_ROLLING_STOCK_HEAD_711.0@info ] > Current speed : 0.0 km/h
[Sun Apr 16 18:56:27 CEST 2023][ Locomotive_LOC_MOCK_STATION_600_9_MOCK_STATION_622_2_2_ROLLING_STOCK_HEAD_711.0@info ] > Journey completion progress : 2.0
[Sun Apr 16 18:56:27 CEST 2023][ Locomotive_LOC_MOCK_STATION_600_9_MOCK_STATION_622_2_2_ROLLING_STOCK_HEAD_711.0@info ] > Decreasing speed before station...
[Sun Apr 16 18:56:27 CEST 2023][ Locomotive_LOC_MOCK_STATION_600_9_MOCK_STATION_622_2_2_ROLLING_STOCK_HEAD_711.0@info ] > 	 ( Waiting 2 seconds at station for possible loads/unloads )
[Sun Apr 16 18:56:29 CEST 2023][ Locomotive_LOC_MOCK_STATION_600_9_MOCK_STATION_622_2_2_ROLLING_STOCK_HEAD_711.0@info ] > 	( Moving forward after station brake at station MOCK_STATION_698_86 )
[Sun Apr 16 18:56:29 CEST 2023][ Locomotive_LOC_MOCK_STATION_600_9_MOCK_STATION_622_2_2_ROLLING_STOCK_HEAD_711.0@info ] > LOC_MOCK_STATION_600_9_MOCK_STATION_622_2_2 : BLOCKED
[Sun Apr 16 18:56:29 CEST 2023][ Locomotive_LOC_MOCK_STATION_600_9_MOCK_STATION_622_2_2_ROLLING_STOCK_HEAD_711.0@info ] > LOC_MOCK_STATION_600_9_MOCK_STATION_622_2_2 : FREE TO GO
[Sun Apr 16 18:56:29 CEST 2023][ Locomotive_LOC_MOCK_STATION_600_9_MOCK_STATION_622_2_2_ROLLING_STOCK_HEAD_711.0@info ] > Estimated arrival in 1 seconds
[Sun Apr 16 18:56:29 CEST 2023][ Locomotive_LOC_MOCK_STATION_600_9_MOCK_STATION_622_2_2_ROLLING_STOCK_HEAD_711.0@info ] > Moving from MOCK_STATION_698_86 to MOCK_STATION_656_25
[Sun Apr 16 18:56:29 CEST 2023][ Locomotive_LOC_MOCK_STATION_600_9_MOCK_STATION_622_2_2_ROLLING_STOCK_HEAD_711.0@info ] > Current speed : 0.0 km/h
[Sun Apr 16 18:56:29 CEST 2023][ Locomotive_LOC_MOCK_STATION_600_9_MOCK_STATION_622_2_2_ROLLING_STOCK_HEAD_711.0@info ] > Journey completion progress : 3.0
[Sun Apr 16 18:56:31 CEST 2023][ Locomotive_LOC_MOCK_STATION_600_9_MOCK_STATION_622_2_2_ROLLING_STOCK_HEAD_711.0@info ] > Decreasing speed before station...
[Sun Apr 16 18:56:31 CEST 2023][ Locomotive_LOC_MOCK_STATION_600_9_MOCK_STATION_622_2_2_ROLLING_STOCK_HEAD_711.0@info ] > 	 ( Waiting 2 seconds at station for possible loads/unloads )
[Sun Apr 16 18:56:33 CEST 2023][ Locomotive_LOC_MOCK_STATION_600_9_MOCK_STATION_622_2_2_ROLLING_STOCK_HEAD_711.0@info ] > 	( Moving forward after station brake at station MOCK_STATION_656_25 )
[Sun Apr 16 18:56:33 CEST 2023][ Locomotive_LOC_MOCK_STATION_600_9_MOCK_STATION_622_2_2_ROLLING_STOCK_HEAD_711.0@info ] > LOC_MOCK_STATION_600_9_MOCK_STATION_622_2_2 : BLOCKED
[Sun Apr 16 18:56:33 CEST 2023][ Locomotive_LOC_MOCK_STATION_600_9_MOCK_STATION_622_2_2_ROLLING_STOCK_HEAD_711.0@info ] > LOC_MOCK_STATION_600_9_MOCK_STATION_622_2_2 : FREE TO GO
[Sun Apr 16 18:56:33 CEST 2023][ Locomotive_LOC_MOCK_STATION_600_9_MOCK_STATION_622_2_2_ROLLING_STOCK_HEAD_711.0@info ] > Estimated arrival in 0 seconds
[Sun Apr 16 18:56:33 CEST 2023][ Locomotive_LOC_MOCK_STATION_600_9_MOCK_STATION_622_2_2_ROLLING_STOCK_HEAD_711.0@info ] > Moving from MOCK_STATION_656_25 to MOCK_STATION_687_39
[Sun Apr 16 18:56:33 CEST 2023][ Locomotive_LOC_MOCK_STATION_600_9_MOCK_STATION_622_2_2_ROLLING_STOCK_HEAD_711.0@info ] > Current speed : 0.0 km/h
[Sun Apr 16 18:56:33 CEST 2023][ Locomotive_LOC_MOCK_STATION_600_9_MOCK_STATION_622_2_2_ROLLING_STOCK_HEAD_711.0@info ] > Journey completion progress : 4.0
[Sun Apr 16 18:56:33 CEST 2023][ Locomotive_LOC_MOCK_STATION_600_9_MOCK_STATION_622_2_2_ROLLING_STOCK_HEAD_711.0@info ] > Decreasing speed before station...
[Sun Apr 16 18:56:33 CEST 2023][ Locomotive_LOC_MOCK_STATION_600_9_MOCK_STATION_622_2_2_ROLLING_STOCK_HEAD_711.0@info ] > 	 ( Waiting 2 seconds at station for possible loads/unloads )
[Sun Apr 16 18:56:35 CEST 2023][ Locomotive_LOC_MOCK_STATION_600_9_MOCK_STATION_622_2_2_ROLLING_STOCK_HEAD_711.0@info ] > 	( Moving forward after station brake at station MOCK_STATION_687_39 )
[Sun Apr 16 18:56:35 CEST 2023][ Locomotive_LOC_MOCK_STATION_600_9_MOCK_STATION_622_2_2_ROLLING_STOCK_HEAD_711.0@info ] > LOC_MOCK_STATION_600_9_MOCK_STATION_622_2_2 : BLOCKED
[Sun Apr 16 18:56:35 CEST 2023][ Locomotive_LOC_MOCK_STATION_600_9_MOCK_STATION_622_2_2_ROLLING_STOCK_HEAD_711.0@info ] > LOC_MOCK_STATION_600_9_MOCK_STATION_622_2_2 : FREE TO GO
[Sun Apr 16 18:56:35 CEST 2023][ Locomotive_LOC_MOCK_STATION_600_9_MOCK_STATION_622_2_2_ROLLING_STOCK_HEAD_711.0@info ] > Estimated arrival in 2 seconds
[Sun Apr 16 18:56:35 CEST 2023][ Locomotive_LOC_MOCK_STATION_600_9_MOCK_STATION_622_2_2_ROLLING_STOCK_HEAD_711.0@info ] > Moving from MOCK_STATION_687_39 to MOCK_STATION_658_26
[Sun Apr 16 18:56:35 CEST 2023][ Locomotive_LOC_MOCK_STATION_600_9_MOCK_STATION_622_2_2_ROLLING_STOCK_HEAD_711.0@info ] > Current speed : 0.0 km/h
[Sun Apr 16 18:56:35 CEST 2023][ Locomotive_LOC_MOCK_STATION_600_9_MOCK_STATION_622_2_2_ROLLING_STOCK_HEAD_711.0@info ] > Journey completion progress : 5.0
[Sun Apr 16 18:56:37 CEST 2023][ Locomotive_LOC_MOCK_STATION_600_9_MOCK_STATION_622_2_2_ROLLING_STOCK_HEAD_711.0@info ] > Decreasing speed before station...
[Sun Apr 16 18:56:38 CEST 2023][ Locomotive_LOC_MOCK_STATION_600_9_MOCK_STATION_622_2_2_ROLLING_STOCK_HEAD_711.0@info ] > 	 ( Waiting 2 seconds at station for possible loads/unloads )
[Sun Apr 16 18:56:40 CEST 2023][ Locomotive_LOC_MOCK_STATION_600_9_MOCK_STATION_622_2_2_ROLLING_STOCK_HEAD_711.0@info ] > 	( Moving forward after station brake at station MOCK_STATION_658_26 )
[Sun Apr 16 18:56:40 CEST 2023][ Locomotive_LOC_MOCK_STATION_600_9_MOCK_STATION_622_2_2_ROLLING_STOCK_HEAD_711.0@info ] > LOC_MOCK_STATION_600_9_MOCK_STATION_622_2_2 : BLOCKED
[Sun Apr 16 18:56:40 CEST 2023][ Locomotive_LOC_MOCK_STATION_600_9_MOCK_STATION_622_2_2_ROLLING_STOCK_HEAD_711.0@info ] > LOC_MOCK_STATION_600_9_MOCK_STATION_622_2_2 : FREE TO GO
[Sun Apr 16 18:56:40 CEST 2023][ Locomotive_LOC_MOCK_STATION_600_9_MOCK_STATION_622_2_2_ROLLING_STOCK_HEAD_711.0@info ] > Estimated arrival in 2 seconds
[Sun Apr 16 18:56:40 CEST 2023][ Locomotive_LOC_MOCK_STATION_600_9_MOCK_STATION_622_2_2_ROLLING_STOCK_HEAD_711.0@info ] > Moving from MOCK_STATION_658_26 to MOCK_STATION_686_34
[Sun Apr 16 18:56:40 CEST 2023][ Locomotive_LOC_MOCK_STATION_600_9_MOCK_STATION_622_2_2_ROLLING_STOCK_HEAD_711.0@info ] > Current speed : 0.0 km/h
[Sun Apr 16 18:56:40 CEST 2023][ Locomotive_LOC_MOCK_STATION_600_9_MOCK_STATION_622_2_2_ROLLING_STOCK_HEAD_711.0@info ] > Journey completion progress : 6.0
[Sun Apr 16 18:56:42 CEST 2023][ Locomotive_LOC_MOCK_STATION_600_9_MOCK_STATION_622_2_2_ROLLING_STOCK_HEAD_711.0@info ] > Decreasing speed before station...
[Sun Apr 16 18:56:42 CEST 2023][ Locomotive_LOC_MOCK_STATION_600_9_MOCK_STATION_622_2_2_ROLLING_STOCK_HEAD_711.0@info ] > 	 ( Waiting 2 seconds at station for possible loads/unloads )
[Sun Apr 16 18:56:44 CEST 2023][ Locomotive_LOC_MOCK_STATION_600_9_MOCK_STATION_622_2_2_ROLLING_STOCK_HEAD_711.0@info ] > 	( Moving forward after station brake at station MOCK_STATION_686_34 )
[Sun Apr 16 18:56:44 CEST 2023][ Locomotive_LOC_MOCK_STATION_600_9_MOCK_STATION_622_2_2_ROLLING_STOCK_HEAD_711.0@info ] > LOC_MOCK_STATION_600_9_MOCK_STATION_622_2_2 : BLOCKED
[Sun Apr 16 18:56:44 CEST 2023][ Locomotive_LOC_MOCK_STATION_600_9_MOCK_STATION_622_2_2_ROLLING_STOCK_HEAD_711.0@info ] > LOC_MOCK_STATION_600_9_MOCK_STATION_622_2_2 : FREE TO GO
[Sun Apr 16 18:56:44 CEST 2023][ Locomotive_LOC_MOCK_STATION_600_9_MOCK_STATION_622_2_2_ROLLING_STOCK_HEAD_711.0@info ] > Estimated arrival in 2 seconds
[Sun Apr 16 18:56:44 CEST 2023][ Locomotive_LOC_MOCK_STATION_600_9_MOCK_STATION_622_2_2_ROLLING_STOCK_HEAD_711.0@info ] > Moving from MOCK_STATION_686_34 to MOCK_STATION_672_40
[Sun Apr 16 18:56:44 CEST 2023][ Locomotive_LOC_MOCK_STATION_600_9_MOCK_STATION_622_2_2_ROLLING_STOCK_HEAD_711.0@info ] > Current speed : 0.0 km/h
[Sun Apr 16 18:56:44 CEST 2023][ Locomotive_LOC_MOCK_STATION_600_9_MOCK_STATION_622_2_2_ROLLING_STOCK_HEAD_711.0@info ] > Journey completion progress : 7.0
[Sun Apr 16 18:56:46 CEST 2023][ Locomotive_LOC_MOCK_STATION_600_9_MOCK_STATION_622_2_2_ROLLING_STOCK_HEAD_711.0@info ] > Decreasing speed before station...
[Sun Apr 16 18:56:46 CEST 2023][ Locomotive_LOC_MOCK_STATION_600_9_MOCK_STATION_622_2_2_ROLLING_STOCK_HEAD_711.0@info ] > 	 ( Waiting 2 seconds at station for possible loads/unloads )
[Sun Apr 16 18:56:48 CEST 2023][ Locomotive_LOC_MOCK_STATION_600_9_MOCK_STATION_622_2_2_ROLLING_STOCK_HEAD_711.0@info ] > 	( Moving forward after station brake at station MOCK_STATION_672_40 )
[Sun Apr 16 18:56:48 CEST 2023][ Locomotive_LOC_MOCK_STATION_600_9_MOCK_STATION_622_2_2_ROLLING_STOCK_HEAD_711.0@info ] > LOC_MOCK_STATION_600_9_MOCK_STATION_622_2_2 : BLOCKED
[Sun Apr 16 18:56:48 CEST 2023][ Locomotive_LOC_MOCK_STATION_600_9_MOCK_STATION_622_2_2_ROLLING_STOCK_HEAD_711.0@info ] > LOC_MOCK_STATION_600_9_MOCK_STATION_622_2_2 : FREE TO GO
[Sun Apr 16 18:56:48 CEST 2023][ Locomotive_LOC_MOCK_STATION_600_9_MOCK_STATION_622_2_2_ROLLING_STOCK_HEAD_711.0@info ] > Estimated arrival in 2 seconds
[Sun Apr 16 18:56:48 CEST 2023][ Locomotive_LOC_MOCK_STATION_600_9_MOCK_STATION_622_2_2_ROLLING_STOCK_HEAD_711.0@info ] > Moving from MOCK_STATION_672_40 to MOCK_STATION_611_82
[Sun Apr 16 18:56:48 CEST 2023][ Locomotive_LOC_MOCK_STATION_600_9_MOCK_STATION_622_2_2_ROLLING_STOCK_HEAD_711.0@info ] > Current speed : 0.0 km/h
[Sun Apr 16 18:56:48 CEST 2023][ Locomotive_LOC_MOCK_STATION_600_9_MOCK_STATION_622_2_2_ROLLING_STOCK_HEAD_711.0@info ] > Journey completion progress : 8.0
[Sun Apr 16 18:56:50 CEST 2023][ Locomotive_LOC_MOCK_STATION_600_9_MOCK_STATION_622_2_2_ROLLING_STOCK_HEAD_711.0@info ] > Decreasing speed before station...
[Sun Apr 16 18:56:51 CEST 2023][ Locomotive_LOC_MOCK_STATION_600_9_MOCK_STATION_622_2_2_ROLLING_STOCK_HEAD_711.0@info ] > 	 ( Waiting 2 seconds at station for possible loads/unloads )
[Sun Apr 16 18:56:53 CEST 2023][ Locomotive_LOC_MOCK_STATION_600_9_MOCK_STATION_622_2_2_ROLLING_STOCK_HEAD_711.0@info ] > 	( Moving forward after station brake at station MOCK_STATION_611_82 )
[Sun Apr 16 18:56:53 CEST 2023][ Locomotive_LOC_MOCK_STATION_600_9_MOCK_STATION_622_2_2_ROLLING_STOCK_HEAD_711.0@info ] > LOC_MOCK_STATION_600_9_MOCK_STATION_622_2_2 : BLOCKED
[Sun Apr 16 18:56:53 CEST 2023][ Locomotive_LOC_MOCK_STATION_600_9_MOCK_STATION_622_2_2_ROLLING_STOCK_HEAD_711.0@info ] > LOC_MOCK_STATION_600_9_MOCK_STATION_622_2_2 : FREE TO GO
[Sun Apr 16 18:56:53 CEST 2023][ Locomotive_LOC_MOCK_STATION_600_9_MOCK_STATION_622_2_2_ROLLING_STOCK_HEAD_711.0@info ] > Estimated arrival in 1 seconds
[Sun Apr 16 18:56:53 CEST 2023][ Locomotive_LOC_MOCK_STATION_600_9_MOCK_STATION_622_2_2_ROLLING_STOCK_HEAD_711.0@info ] > Moving from MOCK_STATION_611_82 to MOCK_STATION_608_14
[Sun Apr 16 18:56:53 CEST 2023][ Locomotive_LOC_MOCK_STATION_600_9_MOCK_STATION_622_2_2_ROLLING_STOCK_HEAD_711.0@info ] > Current speed : 0.0 km/h
[Sun Apr 16 18:56:53 CEST 2023][ Locomotive_LOC_MOCK_STATION_600_9_MOCK_STATION_622_2_2_ROLLING_STOCK_HEAD_711.0@info ] > Journey completion progress : 9.0
[Sun Apr 16 18:56:55 CEST 2023][ Locomotive_LOC_MOCK_STATION_600_9_MOCK_STATION_622_2_2_ROLLING_STOCK_HEAD_711.0@info ] > Decreasing speed before station...
[Sun Apr 16 18:56:55 CEST 2023][ Locomotive_LOC_MOCK_STATION_600_9_MOCK_STATION_622_2_2_ROLLING_STOCK_HEAD_711.0@info ] > 	 ( Waiting 2 seconds at station for possible loads/unloads )
[Sun Apr 16 18:56:57 CEST 2023][ Locomotive_LOC_MOCK_STATION_600_9_MOCK_STATION_622_2_2_ROLLING_STOCK_HEAD_711.0@info ] > 	( Moving forward after station brake at station MOCK_STATION_608_14 )
[Sun Apr 16 18:56:57 CEST 2023][ Locomotive_LOC_MOCK_STATION_600_9_MOCK_STATION_622_2_2_ROLLING_STOCK_HEAD_711.0@info ] > LOC_MOCK_STATION_600_9_MOCK_STATION_622_2_2 : BLOCKED
[Sun Apr 16 18:56:57 CEST 2023][ Locomotive_LOC_MOCK_STATION_600_9_MOCK_STATION_622_2_2_ROLLING_STOCK_HEAD_711.0@info ] > LOC_MOCK_STATION_600_9_MOCK_STATION_622_2_2 : FREE TO GO
[Sun Apr 16 18:56:57 CEST 2023][ Locomotive_LOC_MOCK_STATION_600_9_MOCK_STATION_622_2_2_ROLLING_STOCK_HEAD_711.0@info ] > Estimated arrival in 0 seconds
[Sun Apr 16 18:56:57 CEST 2023][ Locomotive_LOC_MOCK_STATION_600_9_MOCK_STATION_622_2_2_ROLLING_STOCK_HEAD_711.0@info ] > Moving from MOCK_STATION_608_14 to MOCK_STATION_677_90
[Sun Apr 16 18:56:57 CEST 2023][ Locomotive_LOC_MOCK_STATION_600_9_MOCK_STATION_622_2_2_ROLLING_STOCK_HEAD_711.0@info ] > Current speed : 0.0 km/h
[Sun Apr 16 18:56:57 CEST 2023][ Locomotive_LOC_MOCK_STATION_600_9_MOCK_STATION_622_2_2_ROLLING_STOCK_HEAD_711.0@info ] > Journey completion progress : 10.0
[Sun Apr 16 18:56:57 CEST 2023][ Locomotive_LOC_MOCK_STATION_600_9_MOCK_STATION_622_2_2_ROLLING_STOCK_HEAD_711.0@info ] > Decreasing speed before station...
[Sun Apr 16 18:56:57 CEST 2023][ Locomotive_LOC_MOCK_STATION_600_9_MOCK_STATION_622_2_2_ROLLING_STOCK_HEAD_711.0@info ] > 	 ( Waiting 2 seconds at station for possible loads/unloads )
[Sun Apr 16 18:56:59 CEST 2023][ Locomotive_LOC_MOCK_STATION_600_9_MOCK_STATION_622_2_2_ROLLING_STOCK_HEAD_711.0@info ] > 	( Moving forward after station brake at station MOCK_STATION_677_90 )
[Sun Apr 16 18:56:59 CEST 2023][ Locomotive_LOC_MOCK_STATION_600_9_MOCK_STATION_622_2_2_ROLLING_STOCK_HEAD_711.0@info ] > LOC_MOCK_STATION_600_9_MOCK_STATION_622_2_2 : BLOCKED
[Sun Apr 16 18:56:59 CEST 2023][ Locomotive_LOC_MOCK_STATION_600_9_MOCK_STATION_622_2_2_ROLLING_STOCK_HEAD_711.0@info ] > LOC_MOCK_STATION_600_9_MOCK_STATION_622_2_2 : FREE TO GO
[Sun Apr 16 18:56:59 CEST 2023][ Locomotive_LOC_MOCK_STATION_600_9_MOCK_STATION_622_2_2_ROLLING_STOCK_HEAD_711.0@info ] > Estimated arrival in 1 seconds
[Sun Apr 16 18:56:59 CEST 2023][ Locomotive_LOC_MOCK_STATION_600_9_MOCK_STATION_622_2_2_ROLLING_STOCK_HEAD_711.0@info ] > Moving from MOCK_STATION_677_90 to MOCK_STATION_695_91
[Sun Apr 16 18:56:59 CEST 2023][ Locomotive_LOC_MOCK_STATION_600_9_MOCK_STATION_622_2_2_ROLLING_STOCK_HEAD_711.0@info ] > Current speed : 0.0 km/h
[Sun Apr 16 18:56:59 CEST 2023][ Locomotive_LOC_MOCK_STATION_600_9_MOCK_STATION_622_2_2_ROLLING_STOCK_HEAD_711.0@info ] > Journey completion progress : 11.0
[Sun Apr 16 18:57:01 CEST 2023][ Locomotive_LOC_MOCK_STATION_600_9_MOCK_STATION_622_2_2_ROLLING_STOCK_HEAD_711.0@info ] > Decreasing speed before station...
[Sun Apr 16 18:57:01 CEST 2023][ Locomotive_LOC_MOCK_STATION_600_9_MOCK_STATION_622_2_2_ROLLING_STOCK_HEAD_711.0@info ] > 	 ( Waiting 2 seconds at station for possible loads/unloads )
[Sun Apr 16 18:57:03 CEST 2023][ Locomotive_LOC_MOCK_STATION_600_9_MOCK_STATION_622_2_2_ROLLING_STOCK_HEAD_711.0@info ] > 	( Moving forward after station brake at station MOCK_STATION_695_91 )
[Sun Apr 16 18:57:03 CEST 2023][ Locomotive_LOC_MOCK_STATION_600_9_MOCK_STATION_622_2_2_ROLLING_STOCK_HEAD_711.0@info ] > LOC_MOCK_STATION_600_9_MOCK_STATION_622_2_2 : BLOCKED
[Sun Apr 16 18:57:03 CEST 2023][ Locomotive_LOC_MOCK_STATION_600_9_MOCK_STATION_622_2_2_ROLLING_STOCK_HEAD_711.0@info ] > LOC_MOCK_STATION_600_9_MOCK_STATION_622_2_2 : FREE TO GO
[Sun Apr 16 18:57:03 CEST 2023][ Locomotive_LOC_MOCK_STATION_600_9_MOCK_STATION_622_2_2_ROLLING_STOCK_HEAD_711.0@info ] > Estimated arrival in 0 seconds
[Sun Apr 16 18:57:03 CEST 2023][ Locomotive_LOC_MOCK_STATION_600_9_MOCK_STATION_622_2_2_ROLLING_STOCK_HEAD_711.0@info ] > Moving from MOCK_STATION_695_91 to MOCK_STATION_602_47
[Sun Apr 16 18:57:03 CEST 2023][ Locomotive_LOC_MOCK_STATION_600_9_MOCK_STATION_622_2_2_ROLLING_STOCK_HEAD_711.0@info ] > Current speed : 0.0 km/h
[Sun Apr 16 18:57:03 CEST 2023][ Locomotive_LOC_MOCK_STATION_600_9_MOCK_STATION_622_2_2_ROLLING_STOCK_HEAD_711.0@info ] > Journey completion progress : 12.0
[Sun Apr 16 18:57:03 CEST 2023][ Locomotive_LOC_MOCK_STATION_600_9_MOCK_STATION_622_2_2_ROLLING_STOCK_HEAD_711.0@info ] > Decreasing speed before station...
[Sun Apr 16 18:57:04 CEST 2023][ Locomotive_LOC_MOCK_STATION_600_9_MOCK_STATION_622_2_2_ROLLING_STOCK_HEAD_711.0@info ] > 	 ( Waiting 2 seconds at station for possible loads/unloads )
[Sun Apr 16 18:57:06 CEST 2023][ Locomotive_LOC_MOCK_STATION_600_9_MOCK_STATION_622_2_2_ROLLING_STOCK_HEAD_711.0@info ] > 	( Moving forward after station brake at station MOCK_STATION_602_47 )
[Sun Apr 16 18:57:06 CEST 2023][ Locomotive_LOC_MOCK_STATION_600_9_MOCK_STATION_622_2_2_ROLLING_STOCK_HEAD_711.0@info ] > LOC_MOCK_STATION_600_9_MOCK_STATION_622_2_2 : BLOCKED
[Sun Apr 16 18:57:06 CEST 2023][ Locomotive_LOC_MOCK_STATION_600_9_MOCK_STATION_622_2_2_ROLLING_STOCK_HEAD_711.0@info ] > LOC_MOCK_STATION_600_9_MOCK_STATION_622_2_2 : FREE TO GO
[Sun Apr 16 18:57:06 CEST 2023][ Locomotive_LOC_MOCK_STATION_600_9_MOCK_STATION_622_2_2_ROLLING_STOCK_HEAD_711.0@info ] > Estimated arrival in 1 seconds
[Sun Apr 16 18:57:06 CEST 2023][ Locomotive_LOC_MOCK_STATION_600_9_MOCK_STATION_622_2_2_ROLLING_STOCK_HEAD_711.0@info ] > Moving from MOCK_STATION_602_47 to MOCK_STATION_651_62
[Sun Apr 16 18:57:06 CEST 2023][ Locomotive_LOC_MOCK_STATION_600_9_MOCK_STATION_622_2_2_ROLLING_STOCK_HEAD_711.0@info ] > Current speed : 0.0 km/h
[Sun Apr 16 18:57:06 CEST 2023][ Locomotive_LOC_MOCK_STATION_600_9_MOCK_STATION_622_2_2_ROLLING_STOCK_HEAD_711.0@info ] > Journey completion progress : 13.0
[Sun Apr 16 18:57:07 CEST 2023][ Locomotive_LOC_MOCK_STATION_600_9_MOCK_STATION_622_2_2_ROLLING_STOCK_HEAD_711.0@info ] > Decreasing speed before station...
[Sun Apr 16 18:57:07 CEST 2023][ Locomotive_LOC_MOCK_STATION_600_9_MOCK_STATION_622_2_2_ROLLING_STOCK_HEAD_711.0@info ] > 	 ( Waiting 2 seconds at station for possible loads/unloads )
[Sun Apr 16 18:57:09 CEST 2023][ Locomotive_LOC_MOCK_STATION_600_9_MOCK_STATION_622_2_2_ROLLING_STOCK_HEAD_711.0@info ] > 	( Moving forward after station brake at station MOCK_STATION_651_62 )
[Sun Apr 16 18:57:09 CEST 2023][ Locomotive_LOC_MOCK_STATION_600_9_MOCK_STATION_622_2_2_ROLLING_STOCK_HEAD_711.0@info ] > LOC_MOCK_STATION_600_9_MOCK_STATION_622_2_2 : BLOCKED
[Sun Apr 16 18:57:09 CEST 2023][ Locomotive_LOC_MOCK_STATION_600_9_MOCK_STATION_622_2_2_ROLLING_STOCK_HEAD_711.0@info ] > LOC_MOCK_STATION_600_9_MOCK_STATION_622_2_2 : FREE TO GO
[Sun Apr 16 18:57:09 CEST 2023][ Locomotive_LOC_MOCK_STATION_600_9_MOCK_STATION_622_2_2_ROLLING_STOCK_HEAD_711.0@info ] > Estimated arrival in 3 seconds
[Sun Apr 16 18:57:09 CEST 2023][ Locomotive_LOC_MOCK_STATION_600_9_MOCK_STATION_622_2_2_ROLLING_STOCK_HEAD_711.0@info ] > Moving from MOCK_STATION_651_62 to MOCK_STATION_623_40
[Sun Apr 16 18:57:09 CEST 2023][ Locomotive_LOC_MOCK_STATION_600_9_MOCK_STATION_622_2_2_ROLLING_STOCK_HEAD_711.0@info ] > Current speed : 0.0 km/h
[Sun Apr 16 18:57:09 CEST 2023][ Locomotive_LOC_MOCK_STATION_600_9_MOCK_STATION_622_2_2_ROLLING_STOCK_HEAD_711.0@info ] > Journey completion progress : 14.0
[Sun Apr 16 18:57:12 CEST 2023][ Locomotive_LOC_MOCK_STATION_600_9_MOCK_STATION_622_2_2_ROLLING_STOCK_HEAD_711.0@info ] > Decreasing speed before station...
[Sun Apr 16 18:57:13 CEST 2023][ Locomotive_LOC_MOCK_STATION_600_9_MOCK_STATION_622_2_2_ROLLING_STOCK_HEAD_711.0@info ] > 	 ( Waiting 2 seconds at station for possible loads/unloads )
[Sun Apr 16 18:57:15 CEST 2023][ Locomotive_LOC_MOCK_STATION_600_9_MOCK_STATION_622_2_2_ROLLING_STOCK_HEAD_711.0@info ] > 	( Moving forward after station brake at station MOCK_STATION_623_40 )
[Sun Apr 16 18:57:15 CEST 2023][ Locomotive_LOC_MOCK_STATION_600_9_MOCK_STATION_622_2_2_ROLLING_STOCK_HEAD_711.0@info ] > LOC_MOCK_STATION_600_9_MOCK_STATION_622_2_2 : BLOCKED
[Sun Apr 16 18:57:15 CEST 2023][ Locomotive_LOC_MOCK_STATION_600_9_MOCK_STATION_622_2_2_ROLLING_STOCK_HEAD_711.0@info ] > LOC_MOCK_STATION_600_9_MOCK_STATION_622_2_2 : FREE TO GO
[Sun Apr 16 18:57:15 CEST 2023][ Locomotive_LOC_MOCK_STATION_600_9_MOCK_STATION_622_2_2_ROLLING_STOCK_HEAD_711.0@info ] > Estimated arrival in 3 seconds
[Sun Apr 16 18:57:15 CEST 2023][ Locomotive_LOC_MOCK_STATION_600_9_MOCK_STATION_622_2_2_ROLLING_STOCK_HEAD_711.0@info ] > Moving from MOCK_STATION_623_40 to MOCK_STATION_670_14
[Sun Apr 16 18:57:15 CEST 2023][ Locomotive_LOC_MOCK_STATION_600_9_MOCK_STATION_622_2_2_ROLLING_STOCK_HEAD_711.0@info ] > Current speed : 0.0 km/h
[Sun Apr 16 18:57:15 CEST 2023][ Locomotive_LOC_MOCK_STATION_600_9_MOCK_STATION_622_2_2_ROLLING_STOCK_HEAD_711.0@info ] > Journey completion progress : 15.0
[Sun Apr 16 18:57:18 CEST 2023][ Locomotive_LOC_MOCK_STATION_600_9_MOCK_STATION_622_2_2_ROLLING_STOCK_HEAD_711.0@info ] > Decreasing speed before station...
[Sun Apr 16 18:57:19 CEST 2023][ Locomotive_LOC_MOCK_STATION_600_9_MOCK_STATION_622_2_2_ROLLING_STOCK_HEAD_711.0@info ] > 	 ( Waiting 2 seconds at station for possible loads/unloads )
[Sun Apr 16 18:57:21 CEST 2023][ Locomotive_LOC_MOCK_STATION_600_9_MOCK_STATION_622_2_2_ROLLING_STOCK_HEAD_711.0@info ] > 	( Moving forward after station brake at station MOCK_STATION_670_14 )
[Sun Apr 16 18:57:21 CEST 2023][ Locomotive_LOC_MOCK_STATION_600_9_MOCK_STATION_622_2_2_ROLLING_STOCK_HEAD_711.0@info ] > LOC_MOCK_STATION_600_9_MOCK_STATION_622_2_2 : BLOCKED
[Sun Apr 16 18:57:21 CEST 2023][ Locomotive_LOC_MOCK_STATION_600_9_MOCK_STATION_622_2_2_ROLLING_STOCK_HEAD_711.0@info ] > LOC_MOCK_STATION_600_9_MOCK_STATION_622_2_2 : FREE TO GO
[Sun Apr 16 18:57:21 CEST 2023][ Locomotive_LOC_MOCK_STATION_600_9_MOCK_STATION_622_2_2_ROLLING_STOCK_HEAD_711.0@info ] > Estimated arrival in 1 seconds
[Sun Apr 16 18:57:21 CEST 2023][ Locomotive_LOC_MOCK_STATION_600_9_MOCK_STATION_622_2_2_ROLLING_STOCK_HEAD_711.0@info ] > Moving from MOCK_STATION_670_14 to MOCK_STATION_665_14
[Sun Apr 16 18:57:21 CEST 2023][ Locomotive_LOC_MOCK_STATION_600_9_MOCK_STATION_622_2_2_ROLLING_STOCK_HEAD_711.0@info ] > Current speed : 0.0 km/h
[Sun Apr 16 18:57:21 CEST 2023][ Locomotive_LOC_MOCK_STATION_600_9_MOCK_STATION_622_2_2_ROLLING_STOCK_HEAD_711.0@info ] > Journey completion progress : 16.0
[Sun Apr 16 18:57:22 CEST 2023][ Locomotive_LOC_MOCK_STATION_600_9_MOCK_STATION_622_2_2_ROLLING_STOCK_HEAD_711.0@info ] > Decreasing speed before station...
[Sun Apr 16 18:57:22 CEST 2023][ Locomotive_LOC_MOCK_STATION_600_9_MOCK_STATION_622_2_2_ROLLING_STOCK_HEAD_711.0@info ] > 	 ( Waiting 2 seconds at station for possible loads/unloads )
[Sun Apr 16 18:57:24 CEST 2023][ Locomotive_LOC_MOCK_STATION_600_9_MOCK_STATION_622_2_2_ROLLING_STOCK_HEAD_711.0@info ] > 	( Moving forward after station brake at station MOCK_STATION_665_14 )
[Sun Apr 16 18:57:24 CEST 2023][ Locomotive_LOC_MOCK_STATION_600_9_MOCK_STATION_622_2_2_ROLLING_STOCK_HEAD_711.0@info ] > LOC_MOCK_STATION_600_9_MOCK_STATION_622_2_2 : BLOCKED
[Sun Apr 16 18:57:24 CEST 2023][ Locomotive_LOC_MOCK_STATION_600_9_MOCK_STATION_622_2_2_ROLLING_STOCK_HEAD_711.0@info ] > LOC_MOCK_STATION_600_9_MOCK_STATION_622_2_2 : FREE TO GO
[Sun Apr 16 18:57:24 CEST 2023][ Locomotive_LOC_MOCK_STATION_600_9_MOCK_STATION_622_2_2_ROLLING_STOCK_HEAD_711.0@info ] > Estimated arrival in 3 seconds
[Sun Apr 16 18:57:24 CEST 2023][ Locomotive_LOC_MOCK_STATION_600_9_MOCK_STATION_622_2_2_ROLLING_STOCK_HEAD_711.0@info ] > Moving from MOCK_STATION_665_14 to MOCK_STATION_650_46
[Sun Apr 16 18:57:24 CEST 2023][ Locomotive_LOC_MOCK_STATION_600_9_MOCK_STATION_622_2_2_ROLLING_STOCK_HEAD_711.0@info ] > Current speed : 0.0 km/h
[Sun Apr 16 18:57:24 CEST 2023][ Locomotive_LOC_MOCK_STATION_600_9_MOCK_STATION_622_2_2_ROLLING_STOCK_HEAD_711.0@info ] > Journey completion progress : 17.0
[Sun Apr 16 18:57:27 CEST 2023][ Locomotive_LOC_MOCK_STATION_600_9_MOCK_STATION_622_2_2_ROLLING_STOCK_HEAD_711.0@info ] > Decreasing speed before station...
[Sun Apr 16 18:57:28 CEST 2023][ Locomotive_LOC_MOCK_STATION_600_9_MOCK_STATION_622_2_2_ROLLING_STOCK_HEAD_711.0@info ] > 	 ( Waiting 2 seconds at station for possible loads/unloads )
[Sun Apr 16 18:57:30 CEST 2023][ Locomotive_LOC_MOCK_STATION_600_9_MOCK_STATION_622_2_2_ROLLING_STOCK_HEAD_711.0@info ] > 	( Moving forward after station brake at station MOCK_STATION_650_46 )
[Sun Apr 16 18:57:30 CEST 2023][ Locomotive_LOC_MOCK_STATION_600_9_MOCK_STATION_622_2_2_ROLLING_STOCK_HEAD_711.0@info ] > LOC_MOCK_STATION_600_9_MOCK_STATION_622_2_2 : BLOCKED
[Sun Apr 16 18:57:30 CEST 2023][ Locomotive_LOC_MOCK_STATION_600_9_MOCK_STATION_622_2_2_ROLLING_STOCK_HEAD_711.0@info ] > LOC_MOCK_STATION_600_9_MOCK_STATION_622_2_2 : FREE TO GO
[Sun Apr 16 18:57:30 CEST 2023][ Locomotive_LOC_MOCK_STATION_600_9_MOCK_STATION_622_2_2_ROLLING_STOCK_HEAD_711.0@info ] > Estimated arrival in 1 seconds
[Sun Apr 16 18:57:30 CEST 2023][ Locomotive_LOC_MOCK_STATION_600_9_MOCK_STATION_622_2_2_ROLLING_STOCK_HEAD_711.0@info ] > Moving from MOCK_STATION_650_46 to MOCK_STATION_691_99
[Sun Apr 16 18:57:30 CEST 2023][ Locomotive_LOC_MOCK_STATION_600_9_MOCK_STATION_622_2_2_ROLLING_STOCK_HEAD_711.0@info ] > Current speed : 0.0 km/h
[Sun Apr 16 18:57:30 CEST 2023][ Locomotive_LOC_MOCK_STATION_600_9_MOCK_STATION_622_2_2_ROLLING_STOCK_HEAD_711.0@info ] > Journey completion progress : 18.0
